<?xml version="1.0" encoding="UTF-8"?>
<coverage generated="1600080491396" clover="3.2.0">
  <project timestamp="1600080491396" name="All files">
    <metrics statements="142" coveredstatements="139" conditionals="68" coveredconditionals="60" methods="16" coveredmethods="16" elements="226" coveredelements="215" complexity="0" loc="142" ncloc="142" packages="2" files="8" classes="8"/>
    <package name="BusinessLogic">
      <metrics statements="131" coveredstatements="128" conditionals="68" coveredconditionals="60" methods="12" coveredmethods="12"/>
      <file name="CalculateResults.js" path="/Users/seepgulati/Documents/Git/tennis-calculator/BusinessLogic/CalculateResults.js">
        <metrics statements="77" coveredstatements="76" conditionals="32" coveredconditionals="29" methods="7" coveredmethods="7"/>
        <line num="8" count="2" type="stmt"/>
        <line num="9" count="2" type="stmt"/>
        <line num="11" count="4" type="stmt"/>
        <line num="12" count="4" type="stmt"/>
        <line num="13" count="328" type="stmt"/>
        <line num="14" count="328" type="cond" truecount="2" falsecount="0"/>
        <line num="15" count="187" type="stmt"/>
        <line num="17" count="141" type="cond" truecount="1" falsecount="1"/>
        <line num="18" count="141" type="stmt"/>
        <line num="20" count="328" type="stmt"/>
        <line num="22" count="328" type="cond" truecount="2" falsecount="0"/>
        <line num="23" count="46" type="stmt"/>
        <line num="25" count="46" type="stmt"/>
        <line num="26" count="46" type="stmt"/>
        <line num="27" count="46" type="cond" truecount="2" falsecount="0"/>
        <line num="28" count="6" type="stmt"/>
        <line num="30" count="6" type="stmt"/>
        <line num="33" count="282" type="cond" truecount="2" falsecount="0"/>
        <line num="34" count="34" type="stmt"/>
        <line num="36" count="34" type="stmt"/>
        <line num="37" count="34" type="stmt"/>
        <line num="39" count="34" type="cond" truecount="2" falsecount="0"/>
        <line num="40" count="4" type="stmt"/>
        <line num="42" count="4" type="stmt"/>
        <line num="48" count="4" type="stmt"/>
        <line num="49" count="4" type="stmt"/>
        <line num="50" count="4" type="stmt"/>
        <line num="54" count="2" type="stmt"/>
        <line num="55" count="2" type="stmt"/>
        <line num="61" count="328" type="cond" truecount="4" falsecount="0"/>
        <line num="62" count="7" type="stmt"/>
        <line num="63" count="7" type="cond" truecount="2" falsecount="0"/>
        <line num="64" count="1" type="stmt"/>
        <line num="66" count="6" type="cond" truecount="1" falsecount="1"/>
        <line num="67" count="0" type="stmt"/>
        <line num="70" count="321" type="cond" truecount="2" falsecount="0"/>
        <line num="71" count="45" type="stmt"/>
        <line num="73" count="276" type="cond" truecount="2" falsecount="0"/>
        <line num="74" count="34" type="stmt"/>
        <line num="77" count="242" type="stmt"/>
        <line num="82" count="80" type="cond" truecount="2" falsecount="0"/>
        <line num="83" count="6" type="stmt"/>
        <line num="85" count="74" type="cond" truecount="2" falsecount="0"/>
        <line num="86" count="4" type="stmt"/>
        <line num="89" count="70" type="stmt"/>
        <line num="94" count="4" type="cond" truecount="2" falsecount="0"/>
        <line num="95" count="2" type="stmt"/>
        <line num="97" count="2" type="cond" truecount="1" falsecount="1"/>
        <line num="98" count="2" type="stmt"/>
        <line num="104" count="4" type="stmt"/>
        <line num="105" count="4" type="stmt"/>
        <line num="106" count="4" type="stmt"/>
        <line num="107" count="4" type="stmt"/>
        <line num="108" count="4" type="stmt"/>
        <line num="109" count="4" type="stmt"/>
        <line num="110" count="4" type="stmt"/>
        <line num="111" count="4" type="stmt"/>
        <line num="112" count="4" type="stmt"/>
        <line num="113" count="4" type="stmt"/>
        <line num="114" count="4" type="stmt"/>
        <line num="115" count="4" type="stmt"/>
        <line num="116" count="4" type="stmt"/>
        <line num="117" count="4" type="stmt"/>
        <line num="121" count="10" type="stmt"/>
        <line num="122" count="10" type="stmt"/>
        <line num="123" count="10" type="stmt"/>
        <line num="124" count="10" type="stmt"/>
        <line num="125" count="10" type="stmt"/>
        <line num="126" count="10" type="stmt"/>
        <line num="127" count="10" type="stmt"/>
        <line num="128" count="10" type="stmt"/>
        <line num="132" count="80" type="stmt"/>
        <line num="133" count="80" type="stmt"/>
        <line num="134" count="80" type="stmt"/>
        <line num="135" count="80" type="stmt"/>
        <line num="136" count="80" type="stmt"/>
        <line num="137" count="80" type="stmt"/>
      </file>
      <file name="ProcessInput.js" path="/Users/seepgulati/Documents/Git/tennis-calculator/BusinessLogic/ProcessInput.js">
        <metrics statements="16" coveredstatements="16" conditionals="6" coveredconditionals="6" methods="1" coveredmethods="1"/>
        <line num="3" count="1" type="stmt"/>
        <line num="5" count="1" type="stmt"/>
        <line num="6" count="1" type="stmt"/>
        <line num="7" count="1" type="stmt"/>
        <line num="8" count="167" type="cond" truecount="2" falsecount="0"/>
        <line num="9" count="2" type="stmt"/>
        <line num="12" count="2" type="stmt"/>
        <line num="13" count="2" type="stmt"/>
        <line num="16" count="165" type="cond" truecount="2" falsecount="0"/>
        <line num="17" count="2" type="stmt"/>
        <line num="18" count="2" type="stmt"/>
        <line num="19" count="2" type="stmt"/>
        <line num="23" count="163" type="stmt"/>
        <line num="24" count="163" type="cond" truecount="2" falsecount="0"/>
        <line num="25" count="160" type="stmt"/>
        <line num="30" count="1" type="stmt"/>
      </file>
      <file name="QueryProcessor.js" path="/Users/seepgulati/Documents/Git/tennis-calculator/BusinessLogic/QueryProcessor.js">
        <metrics statements="36" coveredstatements="34" conditionals="30" coveredconditionals="25" methods="3" coveredmethods="3"/>
        <line num="3" count="6" type="stmt"/>
        <line num="6" count="3" type="stmt"/>
        <line num="7" count="3" type="stmt"/>
        <line num="8" count="3" type="cond" truecount="2" falsecount="0"/>
        <line num="9" count="2" type="stmt"/>
        <line num="10" count="4" type="cond" truecount="2" falsecount="0"/>
        <line num="11" count="1" type="cond" truecount="1" falsecount="1"/>
        <line num="12" count="1" type="stmt"/>
        <line num="13" count="1" type="stmt"/>
        <line num="14" count="1" type="stmt"/>
        <line num="15" count="1" type="stmt"/>
        <line num="16" count="2" type="cond" truecount="1" falsecount="1"/>
        <line num="17" count="2" type="stmt"/>
        <line num="19" count="0" type="cond" truecount="0" falsecount="2"/>
        <line num="20" count="0" type="stmt"/>
        <line num="24" count="1" type="stmt"/>
        <line num="30" count="3" type="cond" truecount="4" falsecount="0"/>
        <line num="31" count="2" type="stmt"/>
        <line num="33" count="3" type="stmt"/>
        <line num="37" count="3" type="stmt"/>
        <line num="38" count="3" type="stmt"/>
        <line num="39" count="3" type="stmt"/>
        <line num="40" count="3" type="stmt"/>
        <line num="41" count="3" type="cond" truecount="1" falsecount="1"/>
        <line num="42" count="3" type="stmt"/>
        <line num="43" count="6" type="cond" truecount="4" falsecount="0"/>
        <line num="44" count="3" type="stmt"/>
        <line num="45" count="7" type="stmt"/>
        <line num="46" count="52" type="cond" truecount="2" falsecount="0"/>
        <line num="47" count="23" type="stmt"/>
        <line num="50" count="29" type="stmt"/>
        <line num="58" count="3" type="cond" truecount="4" falsecount="0"/>
        <line num="59" count="2" type="stmt"/>
        <line num="62" count="3" type="cond" truecount="4" falsecount="0"/>
        <line num="63" count="1" type="stmt"/>
        <line num="65" count="3" type="stmt"/>
      </file>
      <file name="ReadInput.js" path="/Users/seepgulati/Documents/Git/tennis-calculator/BusinessLogic/ReadInput.js">
        <metrics statements="2" coveredstatements="2" conditionals="0" coveredconditionals="0" methods="1" coveredmethods="1"/>
        <line num="5" count="1" type="stmt"/>
        <line num="6" count="1" type="stmt"/>
      </file>
    </package>
    <package name="Entities">
      <metrics statements="11" coveredstatements="11" conditionals="0" coveredconditionals="0" methods="4" coveredmethods="4"/>
      <file name="Game.js" path="/Users/seepgulati/Documents/Git/tennis-calculator/Entities/Game.js">
        <metrics statements="2" coveredstatements="2" conditionals="0" coveredconditionals="0" methods="1" coveredmethods="1"/>
        <line num="3" count="80" type="stmt"/>
        <line num="4" count="80" type="stmt"/>
      </file>
      <file name="Match.js" path="/Users/seepgulati/Documents/Git/tennis-calculator/Entities/Match.js">
        <metrics statements="5" coveredstatements="5" conditionals="0" coveredconditionals="0" methods="1" coveredmethods="1"/>
        <line num="3" count="4" type="stmt"/>
        <line num="4" count="4" type="stmt"/>
        <line num="5" count="4" type="stmt"/>
        <line num="6" count="4" type="stmt"/>
        <line num="7" count="4" type="stmt"/>
      </file>
      <file name="Set.js" path="/Users/seepgulati/Documents/Git/tennis-calculator/Entities/Set.js">
        <metrics statements="3" coveredstatements="3" conditionals="0" coveredconditionals="0" methods="1" coveredmethods="1"/>
        <line num="3" count="10" type="stmt"/>
        <line num="4" count="10" type="stmt"/>
        <line num="5" count="10" type="stmt"/>
      </file>
      <file name="Tournament.js" path="/Users/seepgulati/Documents/Git/tennis-calculator/Entities/Tournament.js">
        <metrics statements="1" coveredstatements="1" conditionals="0" coveredconditionals="0" methods="1" coveredmethods="1"/>
        <line num="3" count="8" type="stmt"/>
      </file>
    </package>
  </project>
</coverage>
