{"/Users/seepgulati/Documents/Git/tennis-calculator/BusinessLogic/CalculateResults.js": {"path":"/Users/seepgulati/Documents/Git/tennis-calculator/BusinessLogic/CalculateResults.js","statementMap":{"0":{"start":{"line":8,"column":22},"end":{"line":8,"column":24}},"1":{"start":{"line":9,"column":8},"end":{"line":52,"column":9}},"2":{"start":{"line":11,"column":14},"end":{"line":11,"column":33}},"3":{"start":{"line":12,"column":11},"end":{"line":46,"column":12}},"4":{"start":{"line":13,"column":31},"end":{"line":13,"column":46}},"5":{"start":{"line":14,"column":16},"end":{"line":19,"column":17}},"6":{"start":{"line":15,"column":20},"end":{"line":15,"column":36}},"7":{"start":{"line":17,"column":21},"end":{"line":19,"column":17}},"8":{"start":{"line":18,"column":20},"end":{"line":18,"column":36}},"9":{"start":{"line":20,"column":33},"end":{"line":20,"column":79}},"10":{"start":{"line":22,"column":16},"end":{"line":45,"column":17}},"11":{"start":{"line":23,"column":20},"end":{"line":24,"column":106}},"12":{"start":{"line":25,"column":20},"end":{"line":25,"column":41}},"13":{"start":{"line":26,"column":20},"end":{"line":26,"column":88}},"14":{"start":{"line":27,"column":20},"end":{"line":31,"column":21}},"15":{"start":{"line":28,"column":24},"end":{"line":29,"column":131}},"16":{"start":{"line":30,"column":24},"end":{"line":30,"column":44}},"17":{"start":{"line":33,"column":21},"end":{"line":45,"column":17}},"18":{"start":{"line":34,"column":20},"end":{"line":35,"column":106}},"19":{"start":{"line":36,"column":20},"end":{"line":36,"column":41}},"20":{"start":{"line":37,"column":20},"end":{"line":37,"column":88}},"21":{"start":{"line":39,"column":20},"end":{"line":44,"column":21}},"22":{"start":{"line":40,"column":24},"end":{"line":41,"column":131}},"23":{"start":{"line":42,"column":24},"end":{"line":42,"column":44}},"24":{"start":{"line":48,"column":29},"end":{"line":48,"column":84}},"25":{"start":{"line":49,"column":23},"end":{"line":49,"column":94}},"26":{"start":{"line":50,"column":11},"end":{"line":50,"column":31}},"27":{"start":{"line":54,"column":25},"end":{"line":54,"column":48}},"28":{"start":{"line":55,"column":8},"end":{"line":55,"column":26}},"29":{"start":{"line":61,"column":8},"end":{"line":78,"column":9}},"30":{"start":{"line":62,"column":28},"end":{"line":62,"column":55}},"31":{"start":{"line":63,"column":12},"end":{"line":68,"column":13}},"32":{"start":{"line":64,"column":16},"end":{"line":64,"column":33}},"33":{"start":{"line":66,"column":17},"end":{"line":68,"column":13}},"34":{"start":{"line":67,"column":16},"end":{"line":67,"column":33}},"35":{"start":{"line":70,"column":13},"end":{"line":78,"column":9}},"36":{"start":{"line":71,"column":12},"end":{"line":71,"column":29}},"37":{"start":{"line":73,"column":13},"end":{"line":78,"column":9}},"38":{"start":{"line":74,"column":12},"end":{"line":74,"column":29}},"39":{"start":{"line":77,"column":12},"end":{"line":77,"column":36}},"40":{"start":{"line":82,"column":8},"end":{"line":90,"column":9}},"41":{"start":{"line":83,"column":12},"end":{"line":83,"column":29}},"42":{"start":{"line":85,"column":13},"end":{"line":90,"column":9}},"43":{"start":{"line":86,"column":12},"end":{"line":86,"column":29}},"44":{"start":{"line":89,"column":12},"end":{"line":89,"column":35}},"45":{"start":{"line":94,"column":8},"end":{"line":99,"column":9}},"46":{"start":{"line":95,"column":12},"end":{"line":95,"column":29}},"47":{"start":{"line":97,"column":13},"end":{"line":99,"column":9}},"48":{"start":{"line":98,"column":12},"end":{"line":98,"column":29}},"49":{"start":{"line":104,"column":27},"end":{"line":104,"column":28}},"50":{"start":{"line":105,"column":27},"end":{"line":105,"column":28}},"51":{"start":{"line":106,"column":19},"end":{"line":106,"column":21}},"52":{"start":{"line":107,"column":21},"end":{"line":107,"column":22}},"53":{"start":{"line":108,"column":20},"end":{"line":108,"column":21}},"54":{"start":{"line":109,"column":20},"end":{"line":109,"column":22}},"55":{"start":{"line":110,"column":19},"end":{"line":110,"column":21}},"56":{"start":{"line":111,"column":18},"end":{"line":111,"column":20}},"57":{"start":{"line":112,"column":32},"end":{"line":112,"column":33}},"58":{"start":{"line":113,"column":32},"end":{"line":113,"column":33}},"59":{"start":{"line":114,"column":31},"end":{"line":114,"column":32}},"60":{"start":{"line":115,"column":31},"end":{"line":115,"column":32}},"61":{"start":{"line":116,"column":24},"end":{"line":116,"column":26}},"62":{"start":{"line":117,"column":8},"end":{"line":117,"column":170}},"63":{"start":{"line":121,"column":8},"end":{"line":121,"column":30}},"64":{"start":{"line":122,"column":8},"end":{"line":122,"column":30}},"65":{"start":{"line":123,"column":8},"end":{"line":123,"column":19}},"66":{"start":{"line":124,"column":8},"end":{"line":124,"column":16}},"67":{"start":{"line":125,"column":8},"end":{"line":125,"column":44}},"68":{"start":{"line":126,"column":8},"end":{"line":126,"column":23}},"69":{"start":{"line":127,"column":8},"end":{"line":127,"column":19}},"70":{"start":{"line":128,"column":8},"end":{"line":128,"column":89}},"71":{"start":{"line":132,"column":8},"end":{"line":132,"column":17}},"72":{"start":{"line":133,"column":8},"end":{"line":133,"column":25}},"73":{"start":{"line":134,"column":8},"end":{"line":134,"column":25}},"74":{"start":{"line":135,"column":8},"end":{"line":135,"column":40}},"75":{"start":{"line":136,"column":8},"end":{"line":136,"column":25}},"76":{"start":{"line":137,"column":8},"end":{"line":137,"column":66}}},"fnMap":{"0":{"name":"(anonymous_0)","decl":{"start":{"line":7,"column":4},"end":{"line":7,"column":5}},"loc":{"start":{"line":7,"column":28},"end":{"line":57,"column":5}},"line":7},"1":{"name":"(anonymous_1)","decl":{"start":{"line":59,"column":4},"end":{"line":59,"column":5}},"loc":{"start":{"line":59,"column":45},"end":{"line":79,"column":5}},"line":59},"2":{"name":"(anonymous_2)","decl":{"start":{"line":81,"column":4},"end":{"line":81,"column":5}},"loc":{"start":{"line":81,"column":54},"end":{"line":91,"column":5}},"line":81},"3":{"name":"(anonymous_3)","decl":{"start":{"line":93,"column":4},"end":{"line":93,"column":5}},"loc":{"start":{"line":93,"column":54},"end":{"line":100,"column":5}},"line":93},"4":{"name":"(anonymous_4)","decl":{"start":{"line":103,"column":4},"end":{"line":103,"column":5}},"loc":{"start":{"line":103,"column":19},"end":{"line":118,"column":5}},"line":103},"5":{"name":"(anonymous_5)","decl":{"start":{"line":120,"column":4},"end":{"line":120,"column":5}},"loc":{"start":{"line":120,"column":93},"end":{"line":129,"column":5}},"line":120},"6":{"name":"(anonymous_6)","decl":{"start":{"line":131,"column":4},"end":{"line":131,"column":5}},"loc":{"start":{"line":131,"column":72},"end":{"line":138,"column":5}},"line":131}},"branchMap":{"0":{"loc":{"start":{"line":14,"column":16},"end":{"line":19,"column":17}},"type":"if","locations":[{"start":{"line":14,"column":16},"end":{"line":19,"column":17}},{"start":{"line":14,"column":16},"end":{"line":19,"column":17}}],"line":14},"1":{"loc":{"start":{"line":17,"column":21},"end":{"line":19,"column":17}},"type":"if","locations":[{"start":{"line":17,"column":21},"end":{"line":19,"column":17}},{"start":{"line":17,"column":21},"end":{"line":19,"column":17}}],"line":17},"2":{"loc":{"start":{"line":22,"column":16},"end":{"line":45,"column":17}},"type":"if","locations":[{"start":{"line":22,"column":16},"end":{"line":45,"column":17}},{"start":{"line":22,"column":16},"end":{"line":45,"column":17}}],"line":22},"3":{"loc":{"start":{"line":27,"column":20},"end":{"line":31,"column":21}},"type":"if","locations":[{"start":{"line":27,"column":20},"end":{"line":31,"column":21}},{"start":{"line":27,"column":20},"end":{"line":31,"column":21}}],"line":27},"4":{"loc":{"start":{"line":33,"column":21},"end":{"line":45,"column":17}},"type":"if","locations":[{"start":{"line":33,"column":21},"end":{"line":45,"column":17}},{"start":{"line":33,"column":21},"end":{"line":45,"column":17}}],"line":33},"5":{"loc":{"start":{"line":39,"column":20},"end":{"line":44,"column":21}},"type":"if","locations":[{"start":{"line":39,"column":20},"end":{"line":44,"column":21}},{"start":{"line":39,"column":20},"end":{"line":44,"column":21}}],"line":39},"6":{"loc":{"start":{"line":61,"column":8},"end":{"line":78,"column":9}},"type":"if","locations":[{"start":{"line":61,"column":8},"end":{"line":78,"column":9}},{"start":{"line":61,"column":8},"end":{"line":78,"column":9}}],"line":61},"7":{"loc":{"start":{"line":61,"column":11},"end":{"line":61,"column":49}},"type":"binary-expr","locations":[{"start":{"line":61,"column":11},"end":{"line":61,"column":28}},{"start":{"line":61,"column":32},"end":{"line":61,"column":49}}],"line":61},"8":{"loc":{"start":{"line":63,"column":12},"end":{"line":68,"column":13}},"type":"if","locations":[{"start":{"line":63,"column":12},"end":{"line":68,"column":13}},{"start":{"line":63,"column":12},"end":{"line":68,"column":13}}],"line":63},"9":{"loc":{"start":{"line":66,"column":17},"end":{"line":68,"column":13}},"type":"if","locations":[{"start":{"line":66,"column":17},"end":{"line":68,"column":13}},{"start":{"line":66,"column":17},"end":{"line":68,"column":13}}],"line":66},"10":{"loc":{"start":{"line":70,"column":13},"end":{"line":78,"column":9}},"type":"if","locations":[{"start":{"line":70,"column":13},"end":{"line":78,"column":9}},{"start":{"line":70,"column":13},"end":{"line":78,"column":9}}],"line":70},"11":{"loc":{"start":{"line":73,"column":13},"end":{"line":78,"column":9}},"type":"if","locations":[{"start":{"line":73,"column":13},"end":{"line":78,"column":9}},{"start":{"line":73,"column":13},"end":{"line":78,"column":9}}],"line":73},"12":{"loc":{"start":{"line":82,"column":8},"end":{"line":90,"column":9}},"type":"if","locations":[{"start":{"line":82,"column":8},"end":{"line":90,"column":9}},{"start":{"line":82,"column":8},"end":{"line":90,"column":9}}],"line":82},"13":{"loc":{"start":{"line":85,"column":13},"end":{"line":90,"column":9}},"type":"if","locations":[{"start":{"line":85,"column":13},"end":{"line":90,"column":9}},{"start":{"line":85,"column":13},"end":{"line":90,"column":9}}],"line":85},"14":{"loc":{"start":{"line":94,"column":8},"end":{"line":99,"column":9}},"type":"if","locations":[{"start":{"line":94,"column":8},"end":{"line":99,"column":9}},{"start":{"line":94,"column":8},"end":{"line":99,"column":9}}],"line":94},"15":{"loc":{"start":{"line":97,"column":13},"end":{"line":99,"column":9}},"type":"if","locations":[{"start":{"line":97,"column":13},"end":{"line":99,"column":9}},{"start":{"line":97,"column":13},"end":{"line":99,"column":9}}],"line":97}},"s":{"0":2,"1":2,"2":4,"3":4,"4":328,"5":328,"6":187,"7":141,"8":141,"9":328,"10":328,"11":46,"12":46,"13":46,"14":46,"15":6,"16":6,"17":282,"18":34,"19":34,"20":34,"21":34,"22":4,"23":4,"24":4,"25":4,"26":4,"27":2,"28":2,"29":328,"30":7,"31":7,"32":1,"33":6,"34":0,"35":321,"36":45,"37":276,"38":34,"39":242,"40":80,"41":6,"42":74,"43":4,"44":70,"45":4,"46":2,"47":2,"48":2,"49":4,"50":4,"51":4,"52":4,"53":4,"54":4,"55":4,"56":4,"57":4,"58":4,"59":4,"60":4,"61":4,"62":4,"63":10,"64":10,"65":10,"66":10,"67":10,"68":10,"69":10,"70":10,"71":80,"72":80,"73":80,"74":80,"75":80,"76":80},"f":{"0":2,"1":328,"2":80,"3":4,"4":4,"5":10,"6":80},"b":{"0":[187,141],"1":[141,0],"2":[46,282],"3":[6,40],"4":[34,248],"5":[4,30],"6":[7,321],"7":[328,100],"8":[1,6],"9":[0,6],"10":[45,276],"11":[34,242],"12":[6,74],"13":[4,70],"14":[2,2],"15":[2,0]},"_coverageSchema":"1a1c01bbd47fc00a2c39e90264f33305004495a9","hash":"e65cb18237c1b98668477d67122e10c2fdcd1842"}
,"/Users/seepgulati/Documents/Git/tennis-calculator/BusinessLogic/ProcessInput.js": {"path":"/Users/seepgulati/Documents/Git/tennis-calculator/BusinessLogic/ProcessInput.js","statementMap":{"0":{"start":{"line":3,"column":22},"end":{"line":3,"column":24}},"1":{"start":{"line":5,"column":26},"end":{"line":5,"column":48}},"2":{"start":{"line":6,"column":20},"end":{"line":6,"column":22}},"3":{"start":{"line":7,"column":8},"end":{"line":29,"column":9}},"4":{"start":{"line":8,"column":12},"end":{"line":27,"column":13}},"5":{"start":{"line":9,"column":16},"end":{"line":11,"column":18}},"6":{"start":{"line":12,"column":16},"end":{"line":12,"column":53}},"7":{"start":{"line":13,"column":16},"end":{"line":13,"column":36}},"8":{"start":{"line":16,"column":17},"end":{"line":27,"column":13}},"9":{"start":{"line":17,"column":30},"end":{"line":17,"column":46}},"10":{"start":{"line":18,"column":16},"end":{"line":18,"column":50}},"11":{"start":{"line":19,"column":16},"end":{"line":19,"column":50}},"12":{"start":{"line":23,"column":30},"end":{"line":23,"column":44}},"13":{"start":{"line":24,"column":16},"end":{"line":26,"column":17}},"14":{"start":{"line":25,"column":20},"end":{"line":25,"column":47}},"15":{"start":{"line":30,"column":8},"end":{"line":30,"column":23}}},"fnMap":{"0":{"name":"(anonymous_0)","decl":{"start":{"line":2,"column":4},"end":{"line":2,"column":5}},"loc":{"start":{"line":2,"column":21},"end":{"line":32,"column":5}},"line":2}},"branchMap":{"0":{"loc":{"start":{"line":8,"column":12},"end":{"line":27,"column":13}},"type":"if","locations":[{"start":{"line":8,"column":12},"end":{"line":27,"column":13}},{"start":{"line":8,"column":12},"end":{"line":27,"column":13}}],"line":8},"1":{"loc":{"start":{"line":16,"column":17},"end":{"line":27,"column":13}},"type":"if","locations":[{"start":{"line":16,"column":17},"end":{"line":27,"column":13}},{"start":{"line":16,"column":17},"end":{"line":27,"column":13}}],"line":16},"2":{"loc":{"start":{"line":24,"column":16},"end":{"line":26,"column":17}},"type":"if","locations":[{"start":{"line":24,"column":16},"end":{"line":26,"column":17}},{"start":{"line":24,"column":16},"end":{"line":26,"column":17}}],"line":24}},"s":{"0":1,"1":1,"2":1,"3":1,"4":167,"5":2,"6":2,"7":2,"8":165,"9":2,"10":2,"11":2,"12":163,"13":163,"14":160,"15":1},"f":{"0":1},"b":{"0":[2,165],"1":[2,163],"2":[160,3]},"_coverageSchema":"1a1c01bbd47fc00a2c39e90264f33305004495a9","hash":"58c4164421c82678ec006d41ce43c04cb53231f6"}
,"/Users/seepgulati/Documents/Git/tennis-calculator/BusinessLogic/QueryProcessor.js": {"path":"/Users/seepgulati/Documents/Git/tennis-calculator/BusinessLogic/QueryProcessor.js","statementMap":{"0":{"start":{"line":3,"column":8},"end":{"line":3,"column":38}},"1":{"start":{"line":6,"column":23},"end":{"line":6,"column":53}},"2":{"start":{"line":7,"column":20},"end":{"line":7,"column":22}},"3":{"start":{"line":8,"column":7},"end":{"line":28,"column":8}},"4":{"start":{"line":9,"column":8},"end":{"line":26,"column":9}},"5":{"start":{"line":10,"column":12},"end":{"line":25,"column":13}},"6":{"start":{"line":11,"column":33},"end":{"line":11,"column":102}},"7":{"start":{"line":12,"column":16},"end":{"line":12,"column":75}},"8":{"start":{"line":13,"column":41},"end":{"line":13,"column":42}},"9":{"start":{"line":14,"column":42},"end":{"line":14,"column":43}},"10":{"start":{"line":15,"column":16},"end":{"line":23,"column":17}},"11":{"start":{"line":16,"column":20},"end":{"line":21,"column":21}},"12":{"start":{"line":17,"column":24},"end":{"line":17,"column":46}},"13":{"start":{"line":19,"column":25},"end":{"line":21,"column":21}},"14":{"start":{"line":20,"column":24},"end":{"line":20,"column":47}},"15":{"start":{"line":24,"column":16},"end":{"line":24,"column":81}},"16":{"start":{"line":30,"column":7},"end":{"line":32,"column":8}},"17":{"start":{"line":31,"column":11},"end":{"line":31,"column":51}},"18":{"start":{"line":33,"column":7},"end":{"line":33,"column":21}},"19":{"start":{"line":37,"column":23},"end":{"line":37,"column":54}},"20":{"start":{"line":38,"column":21},"end":{"line":38,"column":23}},"21":{"start":{"line":39,"column":23},"end":{"line":39,"column":24}},"22":{"start":{"line":40,"column":24},"end":{"line":40,"column":25}},"23":{"start":{"line":41,"column":7},"end":{"line":56,"column":9}},"24":{"start":{"line":42,"column":8},"end":{"line":55,"column":13}},"25":{"start":{"line":43,"column":16},"end":{"line":54,"column":17}},"26":{"start":{"line":44,"column":20},"end":{"line":53,"column":21}},"27":{"start":{"line":45,"column":24},"end":{"line":52,"column":25}},"28":{"start":{"line":46,"column":28},"end":{"line":51,"column":29}},"29":{"start":{"line":47,"column":32},"end":{"line":47,"column":44}},"30":{"start":{"line":50,"column":32},"end":{"line":50,"column":45}},"31":{"start":{"line":58,"column":8},"end":{"line":60,"column":9}},"32":{"start":{"line":59,"column":12},"end":{"line":59,"column":48}},"33":{"start":{"line":62,"column":7},"end":{"line":64,"column":8}},"34":{"start":{"line":63,"column":11},"end":{"line":63,"column":51}},"35":{"start":{"line":65,"column":7},"end":{"line":65,"column":21}}},"fnMap":{"0":{"name":"(anonymous_0)","decl":{"start":{"line":2,"column":4},"end":{"line":2,"column":5}},"loc":{"start":{"line":2,"column":29},"end":{"line":4,"column":5}},"line":2},"1":{"name":"(anonymous_1)","decl":{"start":{"line":5,"column":4},"end":{"line":5,"column":5}},"loc":{"start":{"line":5,"column":27},"end":{"line":34,"column":5}},"line":5},"2":{"name":"(anonymous_2)","decl":{"start":{"line":36,"column":4},"end":{"line":36,"column":5}},"loc":{"start":{"line":36,"column":30},"end":{"line":66,"column":5}},"line":36}},"branchMap":{"0":{"loc":{"start":{"line":8,"column":7},"end":{"line":28,"column":8}},"type":"if","locations":[{"start":{"line":8,"column":7},"end":{"line":28,"column":8}},{"start":{"line":8,"column":7},"end":{"line":28,"column":8}}],"line":8},"1":{"loc":{"start":{"line":10,"column":12},"end":{"line":25,"column":13}},"type":"if","locations":[{"start":{"line":10,"column":12},"end":{"line":25,"column":13}},{"start":{"line":10,"column":12},"end":{"line":25,"column":13}}],"line":10},"2":{"loc":{"start":{"line":11,"column":33},"end":{"line":11,"column":102}},"type":"cond-expr","locations":[{"start":{"line":11,"column":72},"end":{"line":11,"column":86}},{"start":{"line":11,"column":88},"end":{"line":11,"column":102}}],"line":11},"3":{"loc":{"start":{"line":16,"column":20},"end":{"line":21,"column":21}},"type":"if","locations":[{"start":{"line":16,"column":20},"end":{"line":21,"column":21}},{"start":{"line":16,"column":20},"end":{"line":21,"column":21}}],"line":16},"4":{"loc":{"start":{"line":19,"column":25},"end":{"line":21,"column":21}},"type":"if","locations":[{"start":{"line":19,"column":25},"end":{"line":21,"column":21}},{"start":{"line":19,"column":25},"end":{"line":21,"column":21}}],"line":19},"5":{"loc":{"start":{"line":30,"column":7},"end":{"line":32,"column":8}},"type":"if","locations":[{"start":{"line":30,"column":7},"end":{"line":32,"column":8}},{"start":{"line":30,"column":7},"end":{"line":32,"column":8}}],"line":30},"6":{"loc":{"start":{"line":30,"column":10},"end":{"line":30,"column":35}},"type":"binary-expr","locations":[{"start":{"line":30,"column":10},"end":{"line":30,"column":18}},{"start":{"line":30,"column":22},"end":{"line":30,"column":35}}],"line":30},"7":{"loc":{"start":{"line":41,"column":7},"end":{"line":56,"column":9}},"type":"if","locations":[{"start":{"line":41,"column":7},"end":{"line":56,"column":9}},{"start":{"line":41,"column":7},"end":{"line":56,"column":9}}],"line":41},"8":{"loc":{"start":{"line":43,"column":16},"end":{"line":54,"column":17}},"type":"if","locations":[{"start":{"line":43,"column":16},"end":{"line":54,"column":17}},{"start":{"line":43,"column":16},"end":{"line":54,"column":17}}],"line":43},"9":{"loc":{"start":{"line":43,"column":19},"end":{"line":43,"column":73}},"type":"binary-expr","locations":[{"start":{"line":43,"column":19},"end":{"line":43,"column":44}},{"start":{"line":43,"column":48},"end":{"line":43,"column":73}}],"line":43},"10":{"loc":{"start":{"line":46,"column":28},"end":{"line":51,"column":29}},"type":"if","locations":[{"start":{"line":46,"column":28},"end":{"line":51,"column":29}},{"start":{"line":46,"column":28},"end":{"line":51,"column":29}}],"line":46},"11":{"loc":{"start":{"line":58,"column":8},"end":{"line":60,"column":9}},"type":"if","locations":[{"start":{"line":58,"column":8},"end":{"line":60,"column":9}},{"start":{"line":58,"column":8},"end":{"line":60,"column":9}}],"line":58},"12":{"loc":{"start":{"line":58,"column":11},"end":{"line":58,"column":40}},"type":"binary-expr","locations":[{"start":{"line":58,"column":11},"end":{"line":58,"column":23}},{"start":{"line":58,"column":27},"end":{"line":58,"column":40}}],"line":58},"13":{"loc":{"start":{"line":62,"column":7},"end":{"line":64,"column":8}},"type":"if","locations":[{"start":{"line":62,"column":7},"end":{"line":64,"column":8}},{"start":{"line":62,"column":7},"end":{"line":64,"column":8}}],"line":62},"14":{"loc":{"start":{"line":62,"column":10},"end":{"line":62,"column":34}},"type":"binary-expr","locations":[{"start":{"line":62,"column":10},"end":{"line":62,"column":17}},{"start":{"line":62,"column":21},"end":{"line":62,"column":34}}],"line":62}},"s":{"0":6,"1":3,"2":3,"3":3,"4":2,"5":4,"6":1,"7":1,"8":1,"9":1,"10":1,"11":2,"12":2,"13":0,"14":0,"15":1,"16":3,"17":2,"18":3,"19":3,"20":3,"21":3,"22":3,"23":3,"24":3,"25":6,"26":3,"27":7,"28":52,"29":23,"30":29,"31":3,"32":2,"33":3,"34":1,"35":3},"f":{"0":6,"1":3,"2":3},"b":{"0":[2,1],"1":[1,3],"2":[0,1],"3":[2,0],"4":[0,0],"5":[2,1],"6":[3,2],"7":[3,0],"8":[3,3],"9":[6,4],"10":[23,29],"11":[2,1],"12":[3,2],"13":[1,2],"14":[3,3]},"_coverageSchema":"1a1c01bbd47fc00a2c39e90264f33305004495a9","hash":"1731b99429f42c63bd5d54065882409935640a5b"}
,"/Users/seepgulati/Documents/Git/tennis-calculator/BusinessLogic/ReadInput.js": {"path":"/Users/seepgulati/Documents/Git/tennis-calculator/BusinessLogic/ReadInput.js","statementMap":{"0":{"start":{"line":5,"column":21},"end":{"line":5,"column":57}},"1":{"start":{"line":6,"column":8},"end":{"line":6,"column":31}}},"fnMap":{"0":{"name":"(anonymous_0)","decl":{"start":{"line":4,"column":4},"end":{"line":4,"column":5}},"loc":{"start":{"line":4,"column":28},"end":{"line":7,"column":5}},"line":4}},"branchMap":{},"s":{"0":1,"1":1},"f":{"0":1},"b":{},"_coverageSchema":"1a1c01bbd47fc00a2c39e90264f33305004495a9","hash":"4848d2d973c51fe900373a5b50ba5cbfa0431076"}
,"/Users/seepgulati/Documents/Git/tennis-calculator/Entities/Game.js": {"path":"/Users/seepgulati/Documents/Git/tennis-calculator/Entities/Game.js","statementMap":{"0":{"start":{"line":3,"column":8},"end":{"line":3,"column":30}},"1":{"start":{"line":4,"column":8},"end":{"line":4,"column":36}}},"fnMap":{"0":{"name":"(anonymous_0)","decl":{"start":{"line":2,"column":4},"end":{"line":2,"column":5}},"loc":{"start":{"line":2,"column":36},"end":{"line":5,"column":5}},"line":2}},"branchMap":{},"s":{"0":80,"1":80},"f":{"0":80},"b":{},"_coverageSchema":"1a1c01bbd47fc00a2c39e90264f33305004495a9","hash":"3632e9b217363c8693d852075b9e5bdd205f6f3f"}
,"/Users/seepgulati/Documents/Git/tennis-calculator/Entities/Match.js": {"path":"/Users/seepgulati/Documents/Git/tennis-calculator/Entities/Match.js","statementMap":{"0":{"start":{"line":3,"column":8},"end":{"line":3,"column":32}},"1":{"start":{"line":4,"column":8},"end":{"line":4,"column":32}},"2":{"start":{"line":5,"column":8},"end":{"line":5,"column":32}},"3":{"start":{"line":6,"column":8},"end":{"line":6,"column":36}},"4":{"start":{"line":7,"column":8},"end":{"line":7,"column":28}}},"fnMap":{"0":{"name":"(anonymous_0)","decl":{"start":{"line":2,"column":4},"end":{"line":2,"column":5}},"loc":{"start":{"line":2,"column":61},"end":{"line":8,"column":5}},"line":2}},"branchMap":{},"s":{"0":4,"1":4,"2":4,"3":4,"4":4},"f":{"0":4},"b":{},"_coverageSchema":"1a1c01bbd47fc00a2c39e90264f33305004495a9","hash":"61d85ea1fc40602b0a6b4566f0786f5c0c994474"}
,"/Users/seepgulati/Documents/Git/tennis-calculator/Entities/Set.js": {"path":"/Users/seepgulati/Documents/Git/tennis-calculator/Entities/Set.js","statementMap":{"0":{"start":{"line":3,"column":8},"end":{"line":3,"column":28}},"1":{"start":{"line":4,"column":8},"end":{"line":4,"column":36}},"2":{"start":{"line":5,"column":8},"end":{"line":5,"column":31}}},"fnMap":{"0":{"name":"(anonymous_0)","decl":{"start":{"line":2,"column":4},"end":{"line":2,"column":5}},"loc":{"start":{"line":2,"column":42},"end":{"line":6,"column":5}},"line":2}},"branchMap":{},"s":{"0":10,"1":10,"2":10},"f":{"0":10},"b":{},"_coverageSchema":"1a1c01bbd47fc00a2c39e90264f33305004495a9","hash":"abf933decd752395003486a503632b6e82d847b7"}
,"/Users/seepgulati/Documents/Git/tennis-calculator/Entities/Tournament.js": {"path":"/Users/seepgulati/Documents/Git/tennis-calculator/Entities/Tournament.js","statementMap":{"0":{"start":{"line":3,"column":8},"end":{"line":3,"column":35}}},"fnMap":{"0":{"name":"(anonymous_0)","decl":{"start":{"line":2,"column":4},"end":{"line":2,"column":5}},"loc":{"start":{"line":2,"column":26},"end":{"line":4,"column":4}},"line":2}},"branchMap":{},"s":{"0":8},"f":{"0":8},"b":{},"_coverageSchema":"1a1c01bbd47fc00a2c39e90264f33305004495a9","hash":"c6c582d32f131f54c531469810bcdecec78441fe"}
}
