TN:
SF:BusinessLogic/CalculateResults.js
FN:7,(anonymous_0)
FN:59,(anonymous_1)
FN:81,(anonymous_2)
FN:93,(anonymous_3)
FN:103,(anonymous_4)
FN:120,(anonymous_5)
FN:131,(anonymous_6)
FNF:7
FNH:7
FNDA:2,(anonymous_0)
FNDA:328,(anonymous_1)
FNDA:80,(anonymous_2)
FNDA:4,(anonymous_3)
FNDA:4,(anonymous_4)
FNDA:10,(anonymous_5)
FNDA:80,(anonymous_6)
DA:8,2
DA:9,2
DA:11,4
DA:12,4
DA:13,328
DA:14,328
DA:15,187
DA:17,141
DA:18,141
DA:20,328
DA:22,328
DA:23,46
DA:25,46
DA:26,46
DA:27,46
DA:28,6
DA:30,6
DA:33,282
DA:34,34
DA:36,34
DA:37,34
DA:39,34
DA:40,4
DA:42,4
DA:48,4
DA:49,4
DA:50,4
DA:54,2
DA:55,2
DA:61,328
DA:62,7
DA:63,7
DA:64,1
DA:66,6
DA:67,0
DA:70,321
DA:71,45
DA:73,276
DA:74,34
DA:77,242
DA:82,80
DA:83,6
DA:85,74
DA:86,4
DA:89,70
DA:94,4
DA:95,2
DA:97,2
DA:98,2
DA:104,4
DA:105,4
DA:106,4
DA:107,4
DA:108,4
DA:109,4
DA:110,4
DA:111,4
DA:112,4
DA:113,4
DA:114,4
DA:115,4
DA:116,4
DA:117,4
DA:121,10
DA:122,10
DA:123,10
DA:124,10
DA:125,10
DA:126,10
DA:127,10
DA:128,10
DA:132,80
DA:133,80
DA:134,80
DA:135,80
DA:136,80
DA:137,80
LF:77
LH:76
BRDA:14,0,0,187
BRDA:14,0,1,141
BRDA:17,1,0,141
BRDA:17,1,1,0
BRDA:22,2,0,46
BRDA:22,2,1,282
BRDA:27,3,0,6
BRDA:27,3,1,40
BRDA:33,4,0,34
BRDA:33,4,1,248
BRDA:39,5,0,4
BRDA:39,5,1,30
BRDA:61,6,0,7
BRDA:61,6,1,321
BRDA:61,7,0,328
BRDA:61,7,1,100
BRDA:63,8,0,1
BRDA:63,8,1,6
BRDA:66,9,0,0
BRDA:66,9,1,6
BRDA:70,10,0,45
BRDA:70,10,1,276
BRDA:73,11,0,34
BRDA:73,11,1,242
BRDA:82,12,0,6
BRDA:82,12,1,74
BRDA:85,13,0,4
BRDA:85,13,1,70
BRDA:94,14,0,2
BRDA:94,14,1,2
BRDA:97,15,0,2
BRDA:97,15,1,0
BRF:32
BRH:29
end_of_record
TN:
SF:BusinessLogic/ProcessInput.js
FN:2,(anonymous_0)
FNF:1
FNH:1
FNDA:1,(anonymous_0)
DA:3,1
DA:5,1
DA:6,1
DA:7,1
DA:8,167
DA:9,2
DA:12,2
DA:13,2
DA:16,165
DA:17,2
DA:18,2
DA:19,2
DA:23,163
DA:24,163
DA:25,160
DA:30,1
LF:16
LH:16
BRDA:8,0,0,2
BRDA:8,0,1,165
BRDA:16,1,0,2
BRDA:16,1,1,163
BRDA:24,2,0,160
BRDA:24,2,1,3
BRF:6
BRH:6
end_of_record
TN:
SF:BusinessLogic/QueryProcessor.js
FN:2,(anonymous_0)
FN:5,(anonymous_1)
FN:36,(anonymous_2)
FNF:3
FNH:3
FNDA:6,(anonymous_0)
FNDA:3,(anonymous_1)
FNDA:3,(anonymous_2)
DA:3,6
DA:6,3
DA:7,3
DA:8,3
DA:9,2
DA:10,4
DA:11,1
DA:12,1
DA:13,1
DA:14,1
DA:15,1
DA:16,2
DA:17,2
DA:19,0
DA:20,0
DA:24,1
DA:30,3
DA:31,2
DA:33,3
DA:37,3
DA:38,3
DA:39,3
DA:40,3
DA:41,3
DA:42,3
DA:43,6
DA:44,3
DA:45,7
DA:46,52
DA:47,23
DA:50,29
DA:58,3
DA:59,2
DA:62,3
DA:63,1
DA:65,3
LF:36
LH:34
BRDA:8,0,0,2
BRDA:8,0,1,1
BRDA:10,1,0,1
BRDA:10,1,1,3
BRDA:11,2,0,0
BRDA:11,2,1,1
BRDA:16,3,0,2
BRDA:16,3,1,0
BRDA:19,4,0,0
BRDA:19,4,1,0
BRDA:30,5,0,2
BRDA:30,5,1,1
BRDA:30,6,0,3
BRDA:30,6,1,2
BRDA:41,7,0,3
BRDA:41,7,1,0
BRDA:43,8,0,3
BRDA:43,8,1,3
BRDA:43,9,0,6
BRDA:43,9,1,4
BRDA:46,10,0,23
BRDA:46,10,1,29
BRDA:58,11,0,2
BRDA:58,11,1,1
BRDA:58,12,0,3
BRDA:58,12,1,2
BRDA:62,13,0,1
BRDA:62,13,1,2
BRDA:62,14,0,3
BRDA:62,14,1,3
BRF:30
BRH:25
end_of_record
TN:
SF:BusinessLogic/ReadInput.js
FN:4,(anonymous_0)
FNF:1
FNH:1
FNDA:1,(anonymous_0)
DA:5,1
DA:6,1
LF:2
LH:2
BRF:0
BRH:0
end_of_record
TN:
SF:Entities/Game.js
FN:2,(anonymous_0)
FNF:1
FNH:1
FNDA:80,(anonymous_0)
DA:3,80
DA:4,80
LF:2
LH:2
BRF:0
BRH:0
end_of_record
TN:
SF:Entities/Match.js
FN:2,(anonymous_0)
FNF:1
FNH:1
FNDA:4,(anonymous_0)
DA:3,4
DA:4,4
DA:5,4
DA:6,4
DA:7,4
LF:5
LH:5
BRF:0
BRH:0
end_of_record
TN:
SF:Entities/Set.js
FN:2,(anonymous_0)
FNF:1
FNH:1
FNDA:10,(anonymous_0)
DA:3,10
DA:4,10
DA:5,10
LF:3
LH:3
BRF:0
BRH:0
end_of_record
TN:
SF:Entities/Tournament.js
FN:2,(anonymous_0)
FNF:1
FNH:1
FNDA:8,(anonymous_0)
DA:3,8
LF:1
LH:1
BRF:0
BRH:0
end_of_record
